<?xml version="1.0" encoding="UTF-8"?>
<testsuite xmlns:xsi="http://www.w3.org/2001/XMLSchema-instance" xsi:noNamespaceSchemaLocation="https://maven.apache.org/surefire/maven-surefire-plugin/xsd/surefire-test-report.xsd" name="NoteTest" time="0.035" tests="6" errors="0" skipped="0" failures="0">
  <properties>
[...]
</properties>
  <testcase name="shouldNotAddNoteWithNullStudentName" classname="NoteTest" time="0.021"/>
  <testcase name="shouldAddNote" classname="NoteTest" time="0.004"/>
  <testcase name="shouldNotAddNoteWithStudentNameWithWhitespaces" classname="NoteTest" time="0.001"/>
  <testcase name="shouldNotAddNoteWithEmptyStudentName" classname="NoteTest" time="0.001"/>
  <testcase name="shouldNotAddNoteWithTooLessValue" classname="NoteTest" time="0.001"/>
  <testcase name="shouldNotAddNoteWithTooBigValue" classname="NoteTest" time="0"/>
</testsuite>